10:36:18.913 [Thread-500] INFO  PushMessageRocketMqProducer [PushMessageRocketMqProducer.java:46] - send message topic=CreateOrderTopic, tag=Order, body={"source":"","timestamp":1547606178907,"orderId":"20190116103618197"}
10:36:18.991 [Thread-497] INFO  PushMessageRocketMqProducer [PushMessageRocketMqProducer.java:46] - send message topic=CreateOrderTopic, tag=Order, body={"source":"","timestamp":1547606178990,"orderId":"20190116103618198"}
10:36:19.111 [Thread-501] INFO  PushMessageRocketMqProducer [PushMessageRocketMqProducer.java:46] - send message topic=CreateOrderTopic, tag=Order, body={"source":"","timestamp":1547606179110,"orderId":"20190116103618199"}
10:36:19.178 [Thread-499] INFO  PushMessageRocketMqProducer [PushMessageRocketMqProducer.java:46] - send message topic=CreateOrderTopic, tag=Order, body={"source":"","timestamp":1547606179176,"orderId":"20190116103619200"}
10:36:19.211 [Thread-498] INFO  PushMessageRocketMqProducer [PushMessageRocketMqProducer.java:46] - send message topic=CreateOrderTopic, tag=Order, body={"source":"","timestamp":1547606179210,"orderId":"20190116103619201"}
10:37:16.495 [Thread-507] INFO  PushMessageRocketMqProducer [PushMessageRocketMqProducer.java:46] - send message topic=CreateOrderTopic, tag=Order, body={"source":"","timestamp":1547606236494,"orderId":"20190116103716202"}
10:37:16.514 [Thread-507] INFO  PushMessageRocketMqProducer [PushMessageRocketMqProducer.java:56] - send message suc: SendResult [sendStatus=SEND_OK, msgId=C0A8000E169418B4AAC24F86D54F00C9, offsetMsgId=C0A8000E00002A9F0000000000009BFB, messageQueue=MessageQueue [topic=CreateOrderTopic, brokerName=ZGC-20150317VUT, queueId=1], queueOffset=45]
10:37:16.523 [Thread-509] INFO  PushMessageRocketMqProducer [PushMessageRocketMqProducer.java:46] - send message topic=CreateOrderTopic, tag=Order, body={"source":"","timestamp":1547606236522,"orderId":"20190116103716203"}
10:37:16.526 [Thread-509] INFO  PushMessageRocketMqProducer [PushMessageRocketMqProducer.java:56] - send message suc: SendResult [sendStatus=SEND_OK, msgId=C0A8000E169418B4AAC24F86D56C00CA, offsetMsgId=C0A8000E00002A9F0000000000009D01, messageQueue=MessageQueue [topic=CreateOrderTopic, brokerName=ZGC-20150317VUT, queueId=1], queueOffset=46]
10:37:16.570 [Thread-508] INFO  PushMessageRocketMqProducer [PushMessageRocketMqProducer.java:46] - send message topic=CreateOrderTopic, tag=Order, body={"source":"","timestamp":1547606236568,"orderId":"20190116103716204"}
10:37:16.573 [Thread-508] INFO  PushMessageRocketMqProducer [PushMessageRocketMqProducer.java:56] - send message suc: SendResult [sendStatus=SEND_OK, msgId=C0A8000E169418B4AAC24F86D59A00CB, offsetMsgId=C0A8000E00002A9F0000000000009E07, messageQueue=MessageQueue [topic=CreateOrderTopic, brokerName=ZGC-20150317VUT, queueId=2], queueOffset=42]
10:37:16.615 [Thread-511] INFO  PushMessageRocketMqProducer [PushMessageRocketMqProducer.java:46] - send message topic=CreateOrderTopic, tag=Order, body={"source":"","timestamp":1547606236614,"orderId":"20190116103716205"}
10:37:16.617 [Thread-511] INFO  PushMessageRocketMqProducer [PushMessageRocketMqProducer.java:56] - send message suc: SendResult [sendStatus=SEND_OK, msgId=C0A8000E169418B4AAC24F86D5C700CC, offsetMsgId=C0A8000E00002A9F0000000000009F0D, messageQueue=MessageQueue [topic=CreateOrderTopic, brokerName=ZGC-20150317VUT, queueId=0], queueOffset=33]
10:37:16.695 [Thread-510] INFO  PushMessageRocketMqProducer [PushMessageRocketMqProducer.java:46] - send message topic=CreateOrderTopic, tag=Order, body={"source":"","timestamp":1547606236694,"orderId":"20190116103716206"}
10:37:16.697 [Thread-510] INFO  PushMessageRocketMqProducer [PushMessageRocketMqProducer.java:56] - send message suc: SendResult [sendStatus=SEND_OK, msgId=C0A8000E169418B4AAC24F86D61800CD, offsetMsgId=C0A8000E00002A9F000000000000A013, messageQueue=MessageQueue [topic=CreateOrderTopic, brokerName=ZGC-20150317VUT, queueId=1], queueOffset=47]
10:37:36.028 [Thread-518] INFO  PushMessageRocketMqProducer [PushMessageRocketMqProducer.java:46] - send message topic=CreateOrderTopic, tag=Order, body={"source":"","timestamp":1547606256027,"orderId":"20190116103736207"}
10:37:36.031 [Thread-518] INFO  PushMessageRocketMqProducer [PushMessageRocketMqProducer.java:56] - send message suc: SendResult [sendStatus=SEND_OK, msgId=C0A8000E169418B4AAC24F87219C00CE, offsetMsgId=C0A8000E00002A9F000000000000A119, messageQueue=MessageQueue [topic=CreateOrderTopic, brokerName=ZGC-20150317VUT, queueId=0], queueOffset=34]
10:37:36.048 [Thread-520] INFO  PushMessageRocketMqProducer [PushMessageRocketMqProducer.java:46] - send message topic=CreateOrderTopic, tag=Order, body={"source":"","timestamp":1547606256047,"orderId":"20190116103736208"}
10:37:36.050 [Thread-520] INFO  PushMessageRocketMqProducer [PushMessageRocketMqProducer.java:56] - send message suc: SendResult [sendStatus=SEND_OK, msgId=C0A8000E169418B4AAC24F8721B000CF, offsetMsgId=C0A8000E00002A9F000000000000A21F, messageQueue=MessageQueue [topic=CreateOrderTopic, brokerName=ZGC-20150317VUT, queueId=0], queueOffset=35]
10:37:36.102 [Thread-517] INFO  PushMessageRocketMqProducer [PushMessageRocketMqProducer.java:46] - send message topic=CreateOrderTopic, tag=Order, body={"source":"","timestamp":1547606256101,"orderId":"20190116103736209"}
10:37:36.104 [Thread-517] INFO  PushMessageRocketMqProducer [PushMessageRocketMqProducer.java:56] - send message suc: SendResult [sendStatus=SEND_OK, msgId=C0A8000E169418B4AAC24F8721E700D0, offsetMsgId=C0A8000E00002A9F000000000000A325, messageQueue=MessageQueue [topic=CreateOrderTopic, brokerName=ZGC-20150317VUT, queueId=2], queueOffset=43]
10:37:36.140 [Thread-519] INFO  PushMessageRocketMqProducer [PushMessageRocketMqProducer.java:46] - send message topic=CreateOrderTopic, tag=Order, body={"source":"","timestamp":1547606256139,"orderId":"20190116103736210"}
10:37:36.142 [Thread-519] INFO  PushMessageRocketMqProducer [PushMessageRocketMqProducer.java:56] - send message suc: SendResult [sendStatus=SEND_OK, msgId=C0A8000E169418B4AAC24F87220C00D1, offsetMsgId=C0A8000E00002A9F000000000000A42B, messageQueue=MessageQueue [topic=CreateOrderTopic, brokerName=ZGC-20150317VUT, queueId=2], queueOffset=44]
10:37:36.240 [Thread-521] INFO  PushMessageRocketMqProducer [PushMessageRocketMqProducer.java:46] - send message topic=CreateOrderTopic, tag=Order, body={"source":"","timestamp":1547606256239,"orderId":"20190116103736211"}
10:37:36.243 [Thread-521] INFO  PushMessageRocketMqProducer [PushMessageRocketMqProducer.java:56] - send message suc: SendResult [sendStatus=SEND_OK, msgId=C0A8000E169418B4AAC24F87227000D2, offsetMsgId=C0A8000E00002A9F000000000000A531, messageQueue=MessageQueue [topic=CreateOrderTopic, brokerName=ZGC-20150317VUT, queueId=0], queueOffset=36]
10:46:17.615 [Thread-530] INFO  PushMessageRocketMqProducer [PushMessageRocketMqProducer.java:46] - send message topic=CreateOrderTopic, tag=Order, body={"source":"","timestamp":1547606777615,"orderId":"20190116104617212"}
10:46:17.644 [Thread-528] INFO  PushMessageRocketMqProducer [PushMessageRocketMqProducer.java:46] - send message topic=CreateOrderTopic, tag=Order, body={"source":"","timestamp":1547606777644,"orderId":"20190116104617213"}
10:46:17.683 [Thread-529] INFO  PushMessageRocketMqProducer [PushMessageRocketMqProducer.java:46] - send message topic=CreateOrderTopic, tag=Order, body={"source":"","timestamp":1547606777682,"orderId":"20190116104617214"}
10:46:17.734 [Thread-527] INFO  PushMessageRocketMqProducer [PushMessageRocketMqProducer.java:46] - send message topic=CreateOrderTopic, tag=Order, body={"source":"","timestamp":1547606777732,"orderId":"20190116104617215"}
10:46:17.782 [Thread-531] INFO  PushMessageRocketMqProducer [PushMessageRocketMqProducer.java:46] - send message topic=CreateOrderTopic, tag=Order, body={"source":"","timestamp":1547606777781,"orderId":"20190116104617216"}
10:51:50.525 [Thread-541] INFO  PushMessageRocketMqProducer [PushMessageRocketMqProducer.java:46] - send message topic=CreateOrderTopic, tag=Order, body={"source":"","timestamp":1547607110524,"orderId":"20190116105150217"}
10:51:50.546 [Thread-539] INFO  PushMessageRocketMqProducer [PushMessageRocketMqProducer.java:46] - send message topic=CreateOrderTopic, tag=Order, body={"source":"","timestamp":1547607110545,"orderId":"20190116105150218"}
10:51:50.595 [Thread-537] INFO  PushMessageRocketMqProducer [PushMessageRocketMqProducer.java:46] - send message topic=CreateOrderTopic, tag=Order, body={"source":"","timestamp":1547607110594,"orderId":"20190116105150219"}
10:51:50.637 [Thread-538] INFO  PushMessageRocketMqProducer [PushMessageRocketMqProducer.java:46] - send message topic=CreateOrderTopic, tag=Order, body={"source":"","timestamp":1547607110637,"orderId":"20190116105150220"}
10:51:50.755 [Thread-540] INFO  PushMessageRocketMqProducer [PushMessageRocketMqProducer.java:46] - send message topic=CreateOrderTopic, tag=Order, body={"source":"","timestamp":1547607110753,"orderId":"20190116105150221"}
10:58:33.443 [Thread-551] INFO  PushMessageRocketMqProducer [PushMessageRocketMqProducer.java:46] - send message topic=CreateOrderTopic, tag=Order, body={"source":"","timestamp":1547607513442,"orderId":"20190116105833222"}
10:58:33.454 [Thread-551] INFO  PushMessageRocketMqProducer [PushMessageRocketMqProducer.java:56] - send message suc: SendResult [sendStatus=SEND_OK, msgId=C0A8000E169418B4AAC24F9A516400DD, offsetMsgId=C0A8000E00002A9F000000000000A637, messageQueue=MessageQueue [topic=CreateOrderTopic, brokerName=ZGC-20150317VUT, queueId=3], queueOffset=33]
10:58:33.464 [Thread-548] INFO  PushMessageRocketMqProducer [PushMessageRocketMqProducer.java:46] - send message topic=CreateOrderTopic, tag=Order, body={"source":"","timestamp":1547607513463,"orderId":"20190116105833223"}
10:58:33.466 [Thread-548] INFO  PushMessageRocketMqProducer [PushMessageRocketMqProducer.java:56] - send message suc: SendResult [sendStatus=SEND_OK, msgId=C0A8000E169418B4AAC24F9A517800DE, offsetMsgId=C0A8000E00002A9F000000000000A73D, messageQueue=MessageQueue [topic=CreateOrderTopic, brokerName=ZGC-20150317VUT, queueId=0], queueOffset=37]
10:58:33.510 [Thread-547] INFO  PushMessageRocketMqProducer [PushMessageRocketMqProducer.java:46] - send message topic=CreateOrderTopic, tag=Order, body={"source":"","timestamp":1547607513509,"orderId":"20190116105833224"}
10:58:33.512 [Thread-547] INFO  PushMessageRocketMqProducer [PushMessageRocketMqProducer.java:56] - send message suc: SendResult [sendStatus=SEND_OK, msgId=C0A8000E169418B4AAC24F9A51A600DF, offsetMsgId=C0A8000E00002A9F000000000000A843, messageQueue=MessageQueue [topic=CreateOrderTopic, brokerName=ZGC-20150317VUT, queueId=0], queueOffset=38]
10:58:33.551 [Thread-549] INFO  PushMessageRocketMqProducer [PushMessageRocketMqProducer.java:46] - send message topic=CreateOrderTopic, tag=Order, body={"source":"","timestamp":1547607513550,"orderId":"20190116105833225"}
10:58:33.553 [Thread-549] INFO  PushMessageRocketMqProducer [PushMessageRocketMqProducer.java:56] - send message suc: SendResult [sendStatus=SEND_OK, msgId=C0A8000E169418B4AAC24F9A51CF00E0, offsetMsgId=C0A8000E00002A9F000000000000A949, messageQueue=MessageQueue [topic=CreateOrderTopic, brokerName=ZGC-20150317VUT, queueId=0], queueOffset=39]
10:58:33.601 [Thread-550] INFO  PushMessageRocketMqProducer [PushMessageRocketMqProducer.java:46] - send message topic=CreateOrderTopic, tag=Order, body={"source":"","timestamp":1547607513600,"orderId":"20190116105833226"}
10:58:33.603 [Thread-550] INFO  PushMessageRocketMqProducer [PushMessageRocketMqProducer.java:56] - send message suc: SendResult [sendStatus=SEND_OK, msgId=C0A8000E169418B4AAC24F9A520100E1, offsetMsgId=C0A8000E00002A9F000000000000AA4F, messageQueue=MessageQueue [topic=CreateOrderTopic, brokerName=ZGC-20150317VUT, queueId=1], queueOffset=48]
11:11:29.038 [Thread-559] INFO  PushMessageRocketMqProducer [PushMessageRocketMqProducer.java:46] - send message topic=CreateOrderTopic, tag=Order, body={"source":"","timestamp":1547608289037,"orderId":"20190116111128227"}
11:11:29.061 [Thread-559] INFO  PushMessageRocketMqProducer [PushMessageRocketMqProducer.java:56] - send message suc: SendResult [sendStatus=SEND_OK, msgId=C0A8000E169418B4AAC24FA6270E00E2, offsetMsgId=C0A8000E00002A9F000000000000AB55, messageQueue=MessageQueue [topic=CreateOrderTopic, brokerName=ZGC-20150317VUT, queueId=1], queueOffset=49]
11:11:29.075 [Thread-557] INFO  PushMessageRocketMqProducer [PushMessageRocketMqProducer.java:46] - send message topic=CreateOrderTopic, tag=Order, body={"source":"","timestamp":1547608289074,"orderId":"20190116111129228"}
11:11:29.076 [Thread-557] INFO  PushMessageRocketMqProducer [PushMessageRocketMqProducer.java:56] - send message suc: SendResult [sendStatus=SEND_OK, msgId=C0A8000E169418B4AAC24FA6273300E3, offsetMsgId=C0A8000E00002A9F000000000000AC5B, messageQueue=MessageQueue [topic=CreateOrderTopic, brokerName=ZGC-20150317VUT, queueId=2], queueOffset=45]
11:11:29.129 [Thread-561] INFO  PushMessageRocketMqProducer [PushMessageRocketMqProducer.java:46] - send message topic=CreateOrderTopic, tag=Order, body={"source":"","timestamp":1547608289128,"orderId":"20190116111129229"}
11:11:29.131 [Thread-561] INFO  PushMessageRocketMqProducer [PushMessageRocketMqProducer.java:56] - send message suc: SendResult [sendStatus=SEND_OK, msgId=C0A8000E169418B4AAC24FA6276900E4, offsetMsgId=C0A8000E00002A9F000000000000AD61, messageQueue=MessageQueue [topic=CreateOrderTopic, brokerName=ZGC-20150317VUT, queueId=1], queueOffset=50]
11:11:29.180 [Thread-560] INFO  PushMessageRocketMqProducer [PushMessageRocketMqProducer.java:46] - send message topic=CreateOrderTopic, tag=Order, body={"source":"","timestamp":1547608289179,"orderId":"20190116111129230"}
11:11:29.182 [Thread-560] INFO  PushMessageRocketMqProducer [PushMessageRocketMqProducer.java:56] - send message suc: SendResult [sendStatus=SEND_OK, msgId=C0A8000E169418B4AAC24FA6279C00E5, offsetMsgId=C0A8000E00002A9F000000000000AE67, messageQueue=MessageQueue [topic=CreateOrderTopic, brokerName=ZGC-20150317VUT, queueId=1], queueOffset=51]
11:11:29.242 [Thread-558] INFO  PushMessageRocketMqProducer [PushMessageRocketMqProducer.java:46] - send message topic=CreateOrderTopic, tag=Order, body={"source":"","timestamp":1547608289241,"orderId":"20190116111129231"}
11:11:29.244 [Thread-558] INFO  PushMessageRocketMqProducer [PushMessageRocketMqProducer.java:56] - send message suc: SendResult [sendStatus=SEND_OK, msgId=C0A8000E169418B4AAC24FA627DA00E6, offsetMsgId=C0A8000E00002A9F000000000000AF6D, messageQueue=MessageQueue [topic=CreateOrderTopic, brokerName=ZGC-20150317VUT, queueId=0], queueOffset=40]
11:11:46.452 [Thread-571] INFO  PushMessageRocketMqProducer [PushMessageRocketMqProducer.java:46] - send message topic=CreateOrderTopic, tag=Order, body={"source":"","timestamp":1547608306451,"orderId":"20190116111146232"}
11:11:46.453 [Thread-571] INFO  PushMessageRocketMqProducer [PushMessageRocketMqProducer.java:56] - send message suc: SendResult [sendStatus=SEND_OK, msgId=C0A8000E169418B4AAC24FA66B1400E7, offsetMsgId=C0A8000E00002A9F000000000000B073, messageQueue=MessageQueue [topic=CreateOrderTopic, brokerName=ZGC-20150317VUT, queueId=1], queueOffset=52]
11:11:46.521 [Thread-567] INFO  PushMessageRocketMqProducer [PushMessageRocketMqProducer.java:46] - send message topic=CreateOrderTopic, tag=Order, body={"source":"","timestamp":1547608306521,"orderId":"20190116111146233"}
11:11:46.523 [Thread-567] INFO  PushMessageRocketMqProducer [PushMessageRocketMqProducer.java:56] - send message suc: SendResult [sendStatus=SEND_OK, msgId=C0A8000E169418B4AAC24FA66B5900E8, offsetMsgId=C0A8000E00002A9F000000000000B179, messageQueue=MessageQueue [topic=CreateOrderTopic, brokerName=ZGC-20150317VUT, queueId=0], queueOffset=41]
11:11:46.542 [Thread-568] INFO  PushMessageRocketMqProducer [PushMessageRocketMqProducer.java:46] - send message topic=CreateOrderTopic, tag=Order, body={"source":"","timestamp":1547608306541,"orderId":"20190116111146234"}
11:11:46.544 [Thread-568] INFO  PushMessageRocketMqProducer [PushMessageRocketMqProducer.java:56] - send message suc: SendResult [sendStatus=SEND_OK, msgId=C0A8000E169418B4AAC24FA66B6E00E9, offsetMsgId=C0A8000E00002A9F000000000000B27F, messageQueue=MessageQueue [topic=CreateOrderTopic, brokerName=ZGC-20150317VUT, queueId=0], queueOffset=42]
11:11:46.634 [Thread-569] INFO  PushMessageRocketMqProducer [PushMessageRocketMqProducer.java:46] - send message topic=CreateOrderTopic, tag=Order, body={"source":"","timestamp":1547608306633,"orderId":"20190116111146235"}
11:11:46.639 [Thread-569] INFO  PushMessageRocketMqProducer [PushMessageRocketMqProducer.java:56] - send message suc: SendResult [sendStatus=SEND_OK, msgId=C0A8000E169418B4AAC24FA66BCB00EA, offsetMsgId=C0A8000E00002A9F000000000000B385, messageQueue=MessageQueue [topic=CreateOrderTopic, brokerName=ZGC-20150317VUT, queueId=3], queueOffset=34]
11:11:46.738 [Thread-570] INFO  PushMessageRocketMqProducer [PushMessageRocketMqProducer.java:46] - send message topic=CreateOrderTopic, tag=Order, body={"source":"","timestamp":1547608306737,"orderId":"20190116111146236"}
11:11:46.741 [Thread-570] INFO  PushMessageRocketMqProducer [PushMessageRocketMqProducer.java:56] - send message suc: SendResult [sendStatus=SEND_OK, msgId=C0A8000E169418B4AAC24FA66C3200EB, offsetMsgId=C0A8000E00002A9F000000000000B48B, messageQueue=MessageQueue [topic=CreateOrderTopic, brokerName=ZGC-20150317VUT, queueId=2], queueOffset=46]
11:12:44.462 [Thread-578] INFO  PushMessageRocketMqProducer [PushMessageRocketMqProducer.java:46] - send message topic=CreateOrderTopic, tag=Order, body={"source":"","timestamp":1547608364461,"orderId":"20190116111244237"}
11:12:44.482 [Thread-581] INFO  PushMessageRocketMqProducer [PushMessageRocketMqProducer.java:46] - send message topic=CreateOrderTopic, tag=Order, body={"source":"","timestamp":1547608364481,"orderId":"20190116111244238"}
11:12:44.532 [Thread-577] INFO  PushMessageRocketMqProducer [PushMessageRocketMqProducer.java:46] - send message topic=CreateOrderTopic, tag=Order, body={"source":"","timestamp":1547608364531,"orderId":"20190116111244239"}
11:12:44.570 [Thread-579] INFO  PushMessageRocketMqProducer [PushMessageRocketMqProducer.java:46] - send message topic=CreateOrderTopic, tag=Order, body={"source":"","timestamp":1547608364570,"orderId":"20190116111244240"}
11:12:44.608 [Thread-580] INFO  PushMessageRocketMqProducer [PushMessageRocketMqProducer.java:46] - send message topic=CreateOrderTopic, tag=Order, body={"source":"","timestamp":1547608364607,"orderId":"20190116111244241"}
11:13:39.157 [Thread-591] INFO  PushMessageRocketMqProducer [PushMessageRocketMqProducer.java:46] - send message topic=CreateOrderTopic, tag=Order, body={"source":"","timestamp":1547608419156,"orderId":"20190116111339242"}
11:13:39.176 [Thread-591] INFO  PushMessageRocketMqProducer [PushMessageRocketMqProducer.java:56] - send message suc: SendResult [sendStatus=SEND_OK, msgId=C0A8000E169418B4AAC24FA8235500F1, offsetMsgId=7F00000100002A9F000000000000B591, messageQueue=MessageQueue [topic=CreateOrderTopic, brokerName=ZGC-20150317VUT, queueId=2], queueOffset=47]
11:13:39.211 [Thread-588] INFO  PushMessageRocketMqProducer [PushMessageRocketMqProducer.java:46] - send message topic=CreateOrderTopic, tag=Order, body={"source":"","timestamp":1547608419210,"orderId":"20190116111339243"}
11:13:39.213 [Thread-588] INFO  PushMessageRocketMqProducer [PushMessageRocketMqProducer.java:56] - send message suc: SendResult [sendStatus=SEND_OK, msgId=C0A8000E169418B4AAC24FA8238B00F2, offsetMsgId=7F00000100002A9F000000000000B697, messageQueue=MessageQueue [topic=CreateOrderTopic, brokerName=ZGC-20150317VUT, queueId=0], queueOffset=43]
11:13:39.232 [Thread-587] INFO  PushMessageRocketMqProducer [PushMessageRocketMqProducer.java:46] - send message topic=CreateOrderTopic, tag=Order, body={"source":"","timestamp":1547608419231,"orderId":"20190116111339244"}
11:13:39.233 [Thread-587] INFO  PushMessageRocketMqProducer [PushMessageRocketMqProducer.java:56] - send message suc: SendResult [sendStatus=SEND_OK, msgId=C0A8000E169418B4AAC24FA823A000F3, offsetMsgId=7F00000100002A9F000000000000B79D, messageQueue=MessageQueue [topic=CreateOrderTopic, brokerName=ZGC-20150317VUT, queueId=3], queueOffset=35]
11:13:39.282 [Thread-590] INFO  PushMessageRocketMqProducer [PushMessageRocketMqProducer.java:46] - send message topic=CreateOrderTopic, tag=Order, body={"source":"","timestamp":1547608419281,"orderId":"20190116111339245"}
11:13:39.284 [Thread-590] INFO  PushMessageRocketMqProducer [PushMessageRocketMqProducer.java:56] - send message suc: SendResult [sendStatus=SEND_OK, msgId=C0A8000E169418B4AAC24FA823D200F4, offsetMsgId=7F00000100002A9F000000000000B8A3, messageQueue=MessageQueue [topic=CreateOrderTopic, brokerName=ZGC-20150317VUT, queueId=2], queueOffset=48]
11:13:39.361 [Thread-589] INFO  PushMessageRocketMqProducer [PushMessageRocketMqProducer.java:46] - send message topic=CreateOrderTopic, tag=Order, body={"source":"","timestamp":1547608419360,"orderId":"20190116111339246"}
11:13:39.362 [Thread-589] INFO  PushMessageRocketMqProducer [PushMessageRocketMqProducer.java:56] - send message suc: SendResult [sendStatus=SEND_OK, msgId=C0A8000E169418B4AAC24FA8242100F5, offsetMsgId=7F00000100002A9F000000000000B9A9, messageQueue=MessageQueue [topic=CreateOrderTopic, brokerName=ZGC-20150317VUT, queueId=1], queueOffset=53]
11:13:49.803 [Thread-606] INFO  PushMessageRocketMqProducer [PushMessageRocketMqProducer.java:46] - send message topic=CreateOrderTopic, tag=Order, body={"source":"","timestamp":1547608429802,"orderId":"20190116111349247"}
11:13:49.817 [Thread-606] INFO  PushMessageRocketMqProducer [PushMessageRocketMqProducer.java:56] - send message suc: SendResult [sendStatus=SEND_OK, msgId=C0A8000E169418B4AAC24FA84CEB00F6, offsetMsgId=7F00000100002A9F000000000000BAAF, messageQueue=MessageQueue [topic=CreateOrderTopic, brokerName=broker-a, queueId=0], queueOffset=44]
11:13:49.842 [Thread-603] INFO  PushMessageRocketMqProducer [PushMessageRocketMqProducer.java:46] - send message topic=CreateOrderTopic, tag=Order, body={"source":"","timestamp":1547608429841,"orderId":"20190116111349248"}
11:13:49.844 [Thread-603] INFO  PushMessageRocketMqProducer [PushMessageRocketMqProducer.java:56] - send message suc: SendResult [sendStatus=SEND_OK, msgId=C0A8000E169418B4AAC24FA84D1300F7, offsetMsgId=7F00000100002A9F000000000000BBB5, messageQueue=MessageQueue [topic=CreateOrderTopic, brokerName=broker-a, queueId=2], queueOffset=49]
11:13:49.903 [Thread-604] INFO  PushMessageRocketMqProducer [PushMessageRocketMqProducer.java:46] - send message topic=CreateOrderTopic, tag=Order, body={"source":"","timestamp":1547608429902,"orderId":"20190116111349249"}
11:13:49.905 [Thread-604] INFO  PushMessageRocketMqProducer [PushMessageRocketMqProducer.java:56] - send message suc: SendResult [sendStatus=SEND_OK, msgId=C0A8000E169418B4AAC24FA84D4F00F8, offsetMsgId=7F00000100002A9F000000000000BCBB, messageQueue=MessageQueue [topic=CreateOrderTopic, brokerName=broker-a, queueId=1], queueOffset=54]
11:13:49.952 [Thread-605] INFO  PushMessageRocketMqProducer [PushMessageRocketMqProducer.java:46] - send message topic=CreateOrderTopic, tag=Order, body={"source":"","timestamp":1547608429952,"orderId":"20190116111349250"}
11:13:49.954 [Thread-605] INFO  PushMessageRocketMqProducer [PushMessageRocketMqProducer.java:56] - send message suc: SendResult [sendStatus=SEND_OK, msgId=C0A8000E169418B4AAC24FA84D8100F9, offsetMsgId=7F00000100002A9F000000000000BDC1, messageQueue=MessageQueue [topic=CreateOrderTopic, brokerName=broker-a, queueId=0], queueOffset=45]
11:13:50.011 [Thread-602] INFO  PushMessageRocketMqProducer [PushMessageRocketMqProducer.java:46] - send message topic=CreateOrderTopic, tag=Order, body={"source":"","timestamp":1547608430010,"orderId":"20190116111349251"}
11:13:50.013 [Thread-602] INFO  PushMessageRocketMqProducer [PushMessageRocketMqProducer.java:56] - send message suc: SendResult [sendStatus=SEND_OK, msgId=C0A8000E169418B4AAC24FA84DBB00FA, offsetMsgId=7F00000100002A9F000000000000BEC7, messageQueue=MessageQueue [topic=CreateOrderTopic, brokerName=broker-a, queueId=3], queueOffset=36]
11:15:55.410 [Thread-613] INFO  PushMessageRocketMqProducer [PushMessageRocketMqProducer.java:46] - send message topic=CreateOrderTopic, tag=Order, body={"source":"","timestamp":1547608555409,"orderId":"20190116111555252"}
11:15:55.458 [Thread-615] INFO  PushMessageRocketMqProducer [PushMessageRocketMqProducer.java:46] - send message topic=CreateOrderTopic, tag=Order, body={"source":"","timestamp":1547608555458,"orderId":"20190116111555253"}
11:15:55.485 [Thread-612] INFO  PushMessageRocketMqProducer [PushMessageRocketMqProducer.java:46] - send message topic=CreateOrderTopic, tag=Order, body={"source":"","timestamp":1547608555484,"orderId":"20190116111555254"}
11:15:55.535 [Thread-616] INFO  PushMessageRocketMqProducer [PushMessageRocketMqProducer.java:46] - send message topic=CreateOrderTopic, tag=Order, body={"source":"","timestamp":1547608555534,"orderId":"20190116111555255"}
11:15:55.605 [Thread-614] INFO  PushMessageRocketMqProducer [PushMessageRocketMqProducer.java:46] - send message topic=CreateOrderTopic, tag=Order, body={"source":"","timestamp":1547608555604,"orderId":"20190116111555256"}
11:17:24.371 [Thread-623] INFO  PushMessageRocketMqProducer [PushMessageRocketMqProducer.java:46] - send message topic=CreateOrderTopic, tag=Order, body={"source":"","timestamp":1547608644370,"orderId":"20190116111724257"}
11:17:50.529 [main] INFO  GirlApplication [StartupInfoLogger.java:50] - Starting GirlApplication on ZGC-20150317VUT with PID 17892 (D:\git\spring_boot_project_girl\target\classes started by Administrator in D:\git\spring_boot_project_girl)
11:17:50.532 [main] INFO  GirlApplication [SpringApplication.java:663] - The following profiles are active: dev
11:17:54.929 [main] INFO  PushMessageRocketMqProducer [PushMessageRocketMqProducer.java:86] - producer start successfully with group=pushMessageGroup, server=localhost:9876
11:17:56.236 [main] INFO  GirlApplication [StartupInfoLogger.java:59] - Started GirlApplication in 6.002 seconds (JVM running for 7.085)
11:18:06.453 [Thread-23] INFO  PushMessageRocketMqProducer [PushMessageRocketMqProducer.java:46] - send message topic=CreateOrderTopic, tag=Order, body=null
11:18:20.449 [Thread-25] INFO  PushMessageRocketMqProducer [PushMessageRocketMqProducer.java:46] - send message topic=CreateOrderTopic, tag=Order, body=null
11:19:22.588 [Thread-28] INFO  PushMessageRocketMqProducer [PushMessageRocketMqProducer.java:46] - send message topic=CreateOrderTopic, tag=Order, body=null
11:19:22.612 [Thread-27] INFO  PushMessageRocketMqProducer [PushMessageRocketMqProducer.java:46] - send message topic=CreateOrderTopic, tag=Order, body=null
11:19:58.588 [Thread-31] INFO  PushMessageRocketMqProducer [PushMessageRocketMqProducer.java:46] - send message topic=CreateOrderTopic, tag=Order, body=null
11:19:58.611 [Thread-32] INFO  PushMessageRocketMqProducer [PushMessageRocketMqProducer.java:46] - send message topic=CreateOrderTopic, tag=Order, body=null
11:21:32.158 [main] INFO  GirlApplication [StartupInfoLogger.java:50] - Starting GirlApplication on ZGC-20150317VUT with PID 11708 (D:\git\spring_boot_project_girl\target\classes started by Administrator in D:\git\spring_boot_project_girl)
11:21:32.163 [main] INFO  GirlApplication [SpringApplication.java:663] - The following profiles are active: dev
11:21:37.544 [main] INFO  PushMessageRocketMqProducer [PushMessageRocketMqProducer.java:86] - producer start successfully with group=pushMessageGroup, server=localhost:9876
11:21:38.947 [main] INFO  GirlApplication [StartupInfoLogger.java:59] - Started GirlApplication in 7.118 seconds (JVM running for 8.723)
11:21:47.402 [Thread-23] INFO  PushMessageRocketMqProducer [PushMessageRocketMqProducer.java:46] - send message topic=CreateOrderTopic, tag=Order, body=null
11:22:05.685 [main] INFO  GirlApplication [StartupInfoLogger.java:50] - Starting GirlApplication on ZGC-20150317VUT with PID 14340 (D:\git\spring_boot_project_girl\target\classes started by Administrator in D:\git\spring_boot_project_girl)
11:22:05.688 [main] INFO  GirlApplication [SpringApplication.java:663] - The following profiles are active: dev
11:22:10.829 [main] INFO  PushMessageRocketMqProducer [PushMessageRocketMqProducer.java:86] - producer start successfully with group=pushMessageGroup, server=localhost:9876
11:22:12.163 [main] INFO  GirlApplication [StartupInfoLogger.java:59] - Started GirlApplication in 7.123 seconds (JVM running for 8.779)
11:22:16.379 [Thread-23] INFO  PushMessageRocketMqProducer [PushMessageRocketMqProducer.java:46] - send message topic=CreateOrderTopic, tag=Order, body=com.myboot.event.OrderMessageEvent[source=com.myboot.service.Imp.OrderServiceImpl@6ab50d1c]
11:23:23.867 [Thread-25] INFO  PushMessageRocketMqProducer [PushMessageRocketMqProducer.java:46] - send message topic=CreateOrderTopic, tag=Order, body=com.myboot.event.OrderMessageEvent[source=com.myboot.service.Imp.OrderServiceImpl@6ab50d1c]
11:23:23.884 [Thread-25] INFO  PushMessageRocketMqProducer [PushMessageRocketMqProducer.java:56] - send message suc: SendResult [sendStatus=SEND_OK, msgId=C0A8000E380418B4AAC24FB10F5B0001, offsetMsgId=715C212400002A9F000000000000BFCD, messageQueue=MessageQueue [topic=CreateOrderTopic, brokerName=broker-a, queueId=0], queueOffset=46]
11:25:51.593 [Thread-28] INFO  PushMessageRocketMqProducer [PushMessageRocketMqProducer.java:46] - send message topic=CreateOrderTopic, tag=Order, body=com.myboot.event.OrderMessageEvent[source=com.myboot.service.Imp.OrderServiceImpl@6ab50d1c]
11:25:51.607 [Thread-28] INFO  PushMessageRocketMqProducer [PushMessageRocketMqProducer.java:56] - send message suc: SendResult [sendStatus=SEND_OK, msgId=C0A8000E380418B4AAC24FB3506A0002, offsetMsgId=715C212400002A9F000000000000C0E7, messageQueue=MessageQueue [topic=CreateOrderTopic, brokerName=broker-a, queueId=1], queueOffset=55]
11:28:51.428 [Thread-30] INFO  PushMessageRocketMqProducer [PushMessageRocketMqProducer.java:46] - send message topic=CreateOrderTopic, tag=Order, body=com.myboot.event.OrderMessageEvent[source=com.myboot.service.Imp.OrderServiceImpl@6ab50d1c]
11:33:23.413 [Thread-32] INFO  PushMessageRocketMqProducer [PushMessageRocketMqProducer.java:46] - send message topic=CreateOrderTopic, tag=Order, body=com.myboot.event.OrderMessageEvent[source=com.myboot.service.Imp.OrderServiceImpl@6ab50d1c]
11:33:23.427 [Thread-32] INFO  PushMessageRocketMqProducer [PushMessageRocketMqProducer.java:56] - send message suc: SendResult [sendStatus=SEND_OK, msgId=C0A8000E380418B4AAC24FBA35550004, offsetMsgId=715C212400002A9F000000000000C201, messageQueue=MessageQueue [topic=CreateOrderTopic, brokerName=broker-a, queueId=1], queueOffset=56]
11:33:49.547 [Thread-34] INFO  PushMessageRocketMqProducer [PushMessageRocketMqProducer.java:46] - send message topic=CreateOrderTopic, tag=Order, body=com.myboot.event.OrderMessageEvent[source=com.myboot.service.Imp.OrderServiceImpl@6ab50d1c]
11:33:49.549 [Thread-34] INFO  PushMessageRocketMqProducer [PushMessageRocketMqProducer.java:56] - send message suc: SendResult [sendStatus=SEND_OK, msgId=C0A8000E380418B4AAC24FBA9B6B0005, offsetMsgId=715C212400002A9F000000000000C31B, messageQueue=MessageQueue [topic=CreateOrderTopic, brokerName=broker-a, queueId=2], queueOffset=50]
11:35:16.423 [Thread-37] INFO  PushMessageRocketMqProducer [PushMessageRocketMqProducer.java:46] - send message topic=CreateOrderTopic, tag=Order, body=com.myboot.event.OrderMessageEvent[source=com.myboot.service.Imp.OrderServiceImpl@6ab50d1c]
11:38:26.834 [Thread-39] INFO  PushMessageRocketMqProducer [PushMessageRocketMqProducer.java:46] - send message topic=CreateOrderTopic, tag=Order, body=com.myboot.event.OrderMessageEvent[source=com.myboot.service.Imp.OrderServiceImpl@6ab50d1c]
11:38:26.853 [Thread-39] INFO  PushMessageRocketMqProducer [PushMessageRocketMqProducer.java:56] - send message suc: SendResult [sendStatus=SEND_OK, msgId=C0A8000E380418B4AAC24FBED6920007, offsetMsgId=715C212400002A9F000000000000C435, messageQueue=MessageQueue [topic=CreateOrderTopic, brokerName=broker-a, queueId=1], queueOffset=57]
11:38:45.116 [Thread-41] INFO  PushMessageRocketMqProducer [PushMessageRocketMqProducer.java:46] - send message topic=CreateOrderTopic, tag=Order, body=com.myboot.event.OrderMessageEvent[source=com.myboot.service.Imp.OrderServiceImpl@6ab50d1c]
11:38:45.118 [Thread-41] INFO  PushMessageRocketMqProducer [PushMessageRocketMqProducer.java:56] - send message suc: SendResult [sendStatus=SEND_OK, msgId=C0A8000E380418B4AAC24FBF1DFC0008, offsetMsgId=715C212400002A9F000000000000C54F, messageQueue=MessageQueue [topic=CreateOrderTopic, brokerName=broker-a, queueId=0], queueOffset=47]
11:43:15.147 [Thread-43] INFO  PushMessageRocketMqProducer [PushMessageRocketMqProducer.java:46] - send message topic=CreateOrderTopic, tag=Order, body=com.myboot.event.OrderMessageEvent[source=com.myboot.service.Imp.OrderServiceImpl@6ab50d1c]
11:53:27.499 [main] INFO  GirlApplication [StartupInfoLogger.java:50] - Starting GirlApplication on ZGC-20150317VUT with PID 16888 (D:\git\spring_boot_project_girl\target\classes started by Administrator in D:\git\spring_boot_project_girl)
11:53:27.502 [main] INFO  GirlApplication [SpringApplication.java:663] - The following profiles are active: dev
11:55:13.447 [main] INFO  GirlApplication [StartupInfoLogger.java:50] - Starting GirlApplication on ZGC-20150317VUT with PID 12164 (D:\git\spring_boot_project_girl\target\classes started by Administrator in D:\git\spring_boot_project_girl)
11:55:13.451 [main] INFO  GirlApplication [SpringApplication.java:663] - The following profiles are active: dev
11:55:18.118 [main] INFO  PushMessageRocketMqProducer [PushMessageRocketMqProducer.java:86] - producer start successfully with group=pushMessageGroup, server=sdcm220:9876;sdcm221:9876
11:55:19.509 [main] INFO  GirlApplication [StartupInfoLogger.java:59] - Started GirlApplication in 6.502 seconds (JVM running for 7.894)
11:55:26.575 [Thread-25] INFO  PushMessageRocketMqProducer [PushMessageRocketMqProducer.java:46] - send message topic=MYDmlMsgTopic, tag=Order, body=com.myboot.event.OrderMessageEvent[source=com.myboot.service.Imp.OrderServiceImpl@2cff5aa3]
11:55:26.635 [Thread-25] INFO  PushMessageRocketMqProducer [PushMessageRocketMqProducer.java:56] - send message suc: SendResult [sendStatus=SEND_OK, msgId=C0A8000E2F8418B4AAC24FCE66210000, offsetMsgId=C0A801DC00002A9F0000000000E9E0B8, messageQueue=MessageQueue [topic=MYDmlMsgTopic, brokerName=broker-a, queueId=1], queueOffset=413]
11:56:33.014 [main] INFO  GirlApplication [StartupInfoLogger.java:50] - Starting GirlApplication on ZGC-20150317VUT with PID 10512 (D:\git\spring_boot_project_girl\target\classes started by Administrator in D:\git\spring_boot_project_girl)
11:56:33.017 [main] INFO  GirlApplication [SpringApplication.java:663] - The following profiles are active: dev
11:56:37.546 [main] INFO  PushMessageRocketMqProducer [PushMessageRocketMqProducer.java:86] - producer start successfully with group=pushMessageGroup, server=sdcm220:9876;sdcm221:9876
11:56:38.895 [main] INFO  GirlApplication [StartupInfoLogger.java:59] - Started GirlApplication in 6.178 seconds (JVM running for 7.411)
11:56:47.130 [Thread-24] INFO  PushMessageRocketMqProducer [PushMessageRocketMqProducer.java:46] - send message topic=MYDmlMsgTopic, tag=Order, body=null
11:57:32.903 [main] INFO  GirlApplication [StartupInfoLogger.java:50] - Starting GirlApplication on ZGC-20150317VUT with PID 8376 (D:\git\spring_boot_project_girl\target\classes started by Administrator in D:\git\spring_boot_project_girl)
11:57:32.907 [main] INFO  GirlApplication [SpringApplication.java:663] - The following profiles are active: dev
11:57:37.376 [main] INFO  PushMessageRocketMqProducer [PushMessageRocketMqProducer.java:86] - producer start successfully with group=pushMessageGroup, server=sdcm220:9876;sdcm221:9876
11:57:38.709 [main] INFO  GirlApplication [StartupInfoLogger.java:59] - Started GirlApplication in 6.092 seconds (JVM running for 7.209)
11:57:41.941 [Thread-24] INFO  PushMessageRocketMqProducer [PushMessageRocketMqProducer.java:46] - send message topic=MYDmlMsgTopic, tag=Order, body=null
11:57:56.838 [main] INFO  GirlApplication [StartupInfoLogger.java:50] - Starting GirlApplication on ZGC-20150317VUT with PID 17052 (D:\git\spring_boot_project_girl\target\classes started by Administrator in D:\git\spring_boot_project_girl)
11:57:56.841 [main] INFO  GirlApplication [SpringApplication.java:663] - The following profiles are active: dev
11:58:01.250 [main] INFO  PushMessageRocketMqProducer [PushMessageRocketMqProducer.java:86] - producer start successfully with group=pushMessageGroup, server=sdcm220:9876;sdcm221:9876
11:58:02.635 [main] INFO  GirlApplication [StartupInfoLogger.java:59] - Started GirlApplication in 6.1 seconds (JVM running for 7.34)
11:58:07.514 [Thread-23] INFO  PushMessageRocketMqProducer [PushMessageRocketMqProducer.java:46] - send message topic=MYDmlMsgTopic, tag=Order, body=Event{orderId='201901161158071'}
11:58:07.570 [Thread-23] INFO  PushMessageRocketMqProducer [PushMessageRocketMqProducer.java:56] - send message suc: SendResult [sendStatus=SEND_OK, msgId=C0A8000E429C18B4AAC24FD0DAC90000, offsetMsgId=C0A801DC00002A9F0000000000E9E1CF, messageQueue=MessageQueue [topic=MYDmlMsgTopic, brokerName=broker-a, queueId=0], queueOffset=436]
12:00:04.731 [Thread-25] INFO  PushMessageRocketMqProducer [PushMessageRocketMqProducer.java:46] - send message topic=MYDmlMsgTopic, tag=Order, body=Event{orderId='201901161200042'}
12:00:04.735 [Thread-25] INFO  PushMessageRocketMqProducer [PushMessageRocketMqProducer.java:56] - send message suc: SendResult [sendStatus=SEND_OK, msgId=C0A8000E429C18B4AAC24FD2A47B0001, offsetMsgId=C0A801DC00002A9F0000000000E9E2AB, messageQueue=MessageQueue [topic=MYDmlMsgTopic, brokerName=broker-a, queueId=2], queueOffset=437]
12:01:31.203 [main] INFO  GirlApplication [StartupInfoLogger.java:50] - Starting GirlApplication on ZGC-20150317VUT with PID 17280 (D:\git\spring_boot_project_girl\target\classes started by Administrator in D:\git\spring_boot_project_girl)
12:01:31.207 [main] INFO  GirlApplication [SpringApplication.java:663] - The following profiles are active: dev
12:01:35.477 [main] INFO  PushMessageRocketMqProducer [PushMessageRocketMqProducer.java:86] - producer start successfully with group=pushMessageGroup, server=localhost:9876
12:01:36.803 [main] INFO  GirlApplication [StartupInfoLogger.java:59] - Started GirlApplication in 5.886 seconds (JVM running for 7.077)
12:02:49.622 [Thread-23] INFO  PushMessageRocketMqProducer [PushMessageRocketMqProducer.java:46] - send message topic=MYDmlMsgTopic, tag=Order, body=null
12:03:24.183 [main] INFO  GirlApplication [StartupInfoLogger.java:50] - Starting GirlApplication on ZGC-20150317VUT with PID 17728 (D:\git\spring_boot_project_girl\target\classes started by Administrator in D:\git\spring_boot_project_girl)
12:03:24.186 [main] INFO  GirlApplication [SpringApplication.java:663] - The following profiles are active: dev
12:03:28.598 [main] INFO  PushMessageRocketMqProducer [PushMessageRocketMqProducer.java:86] - producer start successfully with group=pushMessageGroup, server=localhost:9876
12:03:29.941 [main] INFO  GirlApplication [StartupInfoLogger.java:59] - Started GirlApplication in 6.103 seconds (JVM running for 7.262)
12:03:34.327 [Thread-24] INFO  PushMessageRocketMqProducer [PushMessageRocketMqProducer.java:46] - send message topic=MYDmlMsgTopic, tag=Order, body=null
12:05:51.448 [main] INFO  GirlApplication [StartupInfoLogger.java:50] - Starting GirlApplication on ZGC-20150317VUT with PID 14228 (D:\git\spring_boot_project_girl\target\classes started by Administrator in D:\git\spring_boot_project_girl)
12:05:51.451 [main] INFO  GirlApplication [SpringApplication.java:663] - The following profiles are active: dev
12:05:55.917 [main] INFO  PushMessageRocketMqProducer [PushMessageRocketMqProducer.java:86] - producer start successfully with group=pushMessageGroup, server=localhost:9876
12:05:57.268 [main] INFO  GirlApplication [StartupInfoLogger.java:59] - Started GirlApplication in 6.115 seconds (JVM running for 7.309)
12:06:05.984 [Thread-24] INFO  PushMessageRocketMqProducer [PushMessageRocketMqProducer.java:46] - send message topic=MYDmlMsgTopic, tag=Order, body=null
12:17:49.399 [main] INFO  GirlApplication [StartupInfoLogger.java:50] - Starting GirlApplication on ZGC-20150317VUT with PID 5068 (D:\git\spring_boot_project_girl\target\classes started by Administrator in D:\git\spring_boot_project_girl)
12:17:49.403 [main] INFO  GirlApplication [SpringApplication.java:663] - The following profiles are active: dev
12:17:54.011 [main] INFO  PushMessageRocketMqProducer [PushMessageRocketMqProducer.java:86] - producer start successfully with group=pushMessageGroup, server=localhost:9876
12:17:55.401 [main] INFO  GirlApplication [StartupInfoLogger.java:59] - Started GirlApplication in 6.734 seconds (JVM running for 8.222)
12:18:09.494 [main] INFO  GirlApplication [StartupInfoLogger.java:50] - Starting GirlApplication on ZGC-20150317VUT with PID 11272 (D:\git\spring_boot_project_girl\target\classes started by Administrator in D:\git\spring_boot_project_girl)
12:18:09.497 [main] INFO  GirlApplication [SpringApplication.java:663] - The following profiles are active: dev
12:18:13.893 [main] INFO  PushMessageRocketMqProducer [PushMessageRocketMqProducer.java:86] - producer start successfully with group=pushMessageGroup, server=localhost:9876
12:18:15.232 [main] INFO  GirlApplication [StartupInfoLogger.java:59] - Started GirlApplication in 6.049 seconds (JVM running for 7.357)
12:18:30.659 [Thread-24] INFO  PushMessageRocketMqProducer [PushMessageRocketMqProducer.java:46] - send message topic=MYDmlMsgTopic, tag=Order, body=null
