17:46:50.732 [main] INFO  GirlApplication [StartupInfoLogger.java:50] - Starting GirlApplication on ZGC-20150317VUT with PID 4932 (D:\git\spring_boot_project_girl\target\classes started by Administrator in D:\git\spring_boot_project_girl)
17:46:50.738 [main] INFO  GirlApplication [SpringApplication.java:663] - The following profiles are active: dev
17:46:55.923 [main] INFO  PushMessageRocketMqProducer [PushMessageRocketMqProducer.java:86] - producer start successfully with group=pushMessageGroup, server=localhost:9876
17:46:57.356 [main] INFO  GirlApplication [StartupInfoLogger.java:59] - Started GirlApplication in 6.923 seconds (JVM running for 8.215)
17:47:09.369 [Thread-25] INFO  PushMessageRocketMqProducer [PushMessageRocketMqProducer.java:46] - send message topic=MYDmlMsgTopic, tag=Order, body={"orderId":"201901181747091"}
17:48:26.312 [Thread-27] INFO  PushMessageRocketMqProducer [PushMessageRocketMqProducer.java:46] - send message topic=MYDmlMsgTopic, tag=Order, body={"orderId":"201901181748262"}
17:52:23.190 [Thread-29] INFO  PushMessageRocketMqProducer [PushMessageRocketMqProducer.java:46] - send message topic=MYDmlMsgTopic, tag=Order, body={"orderId":"201901181752233"}
17:54:08.113 [Thread-31] INFO  PushMessageRocketMqProducer [PushMessageRocketMqProducer.java:46] - send message topic=MYDmlMsgTopic, tag=Order, body={"orderId":"201901181754084"}
18:00:35.266 [Thread-33] INFO  PushMessageRocketMqProducer [PushMessageRocketMqProducer.java:46] - send message topic=MYDmlMsgTopic, tag=Order, body={"orderId":"201901181800355"}
18:00:51.047 [Thread-35] INFO  PushMessageRocketMqProducer [PushMessageRocketMqProducer.java:46] - send message topic=MYDmlMsgTopic, tag=Order, body={"orderId":"201901181800486"}
18:03:09.657 [Thread-37] INFO  PushMessageRocketMqProducer [PushMessageRocketMqProducer.java:46] - send message topic=MYDmlMsgTopic, tag=Order, body={"orderId":"201901181803027"}
18:03:09.732 [Thread-37] INFO  PushMessageRocketMqProducer [PushMessageRocketMqProducer.java:56] - send message suc: SendResult [sendStatus=SEND_OK, msgId=C0A8000E134418B4AAC25B6BC6090000, offsetMsgId=C0A8000E00002A9F000000000000C669, messageQueue=MessageQueue [topic=MYDmlMsgTopic, brokerName=ZGC-20150317VUT, queueId=2], queueOffset=0]
18:03:22.377 [Thread-39] INFO  PushMessageRocketMqProducer [PushMessageRocketMqProducer.java:46] - send message topic=MYDmlMsgTopic, tag=Order, body={"orderId":"201901181803228"}
18:03:22.380 [Thread-39] INFO  PushMessageRocketMqProducer [PushMessageRocketMqProducer.java:56] - send message suc: SendResult [sendStatus=SEND_OK, msgId=C0A8000E134418B4AAC25B6BF7890001, offsetMsgId=C0A8000E00002A9F000000000000C742, messageQueue=MessageQueue [topic=MYDmlMsgTopic, brokerName=ZGC-20150317VUT, queueId=2], queueOffset=1]
18:03:36.180 [Thread-41] INFO  PushMessageRocketMqProducer [PushMessageRocketMqProducer.java:46] - send message topic=MYDmlMsgTopic, tag=Order, body={"orderId":"201901181803369"}
18:03:36.186 [Thread-41] INFO  PushMessageRocketMqProducer [PushMessageRocketMqProducer.java:56] - send message suc: SendResult [sendStatus=SEND_OK, msgId=C0A8000E134418B4AAC25B6C2D750002, offsetMsgId=C0A8000E00002A9F000000000000C81B, messageQueue=MessageQueue [topic=MYDmlMsgTopic, brokerName=ZGC-20150317VUT, queueId=1], queueOffset=0]
18:23:47.548 [Thread-43] INFO  PushMessageRocketMqProducer [PushMessageRocketMqProducer.java:46] - send message topic=MYDmlMsgTopic, tag=Order, body={"orderId":"2019011818234710"}
18:24:00.278 [Thread-45] INFO  PushMessageRocketMqProducer [PushMessageRocketMqProducer.java:46] - send message topic=MYDmlMsgTopic, tag=Order, body={"orderId":"2019011818240011"}
18:24:00.293 [Thread-45] INFO  PushMessageRocketMqProducer [PushMessageRocketMqProducer.java:56] - send message suc: SendResult [sendStatus=SEND_OK, msgId=C0A8000E134418B4AAC25B7EDB160004, offsetMsgId=C0A8000E00002A9F000000000000C8F4, messageQueue=MessageQueue [topic=MYDmlMsgTopic, brokerName=ZGC-20150317VUT, queueId=3], queueOffset=0]
18:24:23.502 [Thread-47] INFO  PushMessageRocketMqProducer [PushMessageRocketMqProducer.java:46] - send message topic=MYDmlMsgTopic, tag=Order, body={"orderId":"2019011818242312"}
18:24:23.505 [Thread-47] INFO  PushMessageRocketMqProducer [PushMessageRocketMqProducer.java:56] - send message suc: SendResult [sendStatus=SEND_OK, msgId=C0A8000E134418B4AAC25B7F35CF0005, offsetMsgId=C0A8000E00002A9F000000000000C9CF, messageQueue=MessageQueue [topic=MYDmlMsgTopic, brokerName=ZGC-20150317VUT, queueId=3], queueOffset=1]
18:24:36.089 [Thread-50] INFO  PushMessageRocketMqProducer [PushMessageRocketMqProducer.java:46] - send message topic=MYDmlMsgTopic, tag=Order, body={"orderId":"2019011818243613"}
18:24:36.091 [Thread-50] INFO  PushMessageRocketMqProducer [PushMessageRocketMqProducer.java:56] - send message suc: SendResult [sendStatus=SEND_OK, msgId=C0A8000E134418B4AAC25B7F66F90006, offsetMsgId=C0A8000E00002A9F000000000000CAAA, messageQueue=MessageQueue [topic=MYDmlMsgTopic, brokerName=ZGC-20150317VUT, queueId=0], queueOffset=0]
